<?xml version="1.0" encoding="UTF-8"?>
<testng-results skipped="0" failed="0" ignored="0" total="1" passed="1">
  <reporter-output>
  </reporter-output>
  <suite name="Default suite" duration-ms="18872" started-at="2020-02-19T20:03:28 CST" finished-at="2020-02-19T20:03:47 CST">
    <groups>
    </groups>
    <test name="Default test" duration-ms="18872" started-at="2020-02-19T20:03:28 CST" finished-at="2020-02-19T20:03:47 CST">
      <class name="test.QuickDraftTest">
        <test-method status="PASS" signature="launchBrowser()[pri:0, instance:test.QuickDraftTest@6c779568]" name="launchBrowser" is-config="true" duration-ms="7908" started-at="2020-02-19T20:03:28 CST" finished-at="2020-02-19T20:03:36 CST">
          <reporter-output>
          </reporter-output>
        </test-method> <!-- launchBrowser -->
        <test-method status="PASS" signature="userShouldBeAbleToPostDraft()[pri:0, instance:test.QuickDraftTest@6c779568]" name="userShouldBeAbleToPostDraft" duration-ms="10878" started-at="2020-02-19T20:03:36 CST" finished-at="2020-02-19T20:03:47 CST">
          <reporter-output>
          </reporter-output>
        </test-method> <!-- userShouldBeAbleToPostDraft -->
      </class> <!-- test.QuickDraftTest -->
    </test> <!-- Default test -->
  </suite> <!-- Default suite -->
</testng-results>
